# JRE version: OpenJDK Runtime Environment (8.0_272-b10) (build 1.8.0_272-8u272-b10-0ubuntu1~18.04-b10)
# Java VM: OpenJDK 64-Bit Server VM (25.272-b10 mixed mode linux-amd64 compressed oops)
Heap:
 PSYoungGen      total 320000K, used 252363K [0x00000000eab00000, 0x0000000100000000, 0x0000000100000000)
  eden space 293376K, 85% used [0x00000000eab00000,0x00000000fa152dd8,0x00000000fc980000)
  from space 26624K, 0% used [0x00000000fc980000,0x00000000fc9a0000,0x00000000fe380000)
  to   space 26112K, 0% used [0x00000000fe680000,0x00000000fe680000,0x0000000100000000)
 ParOldGen       total 127488K, used 72387K [0x00000000c0000000, 0x00000000c7c80000, 0x00000000eab00000)
  object space 127488K, 56% used [0x00000000c0000000,0x00000000c46b0d50,0x00000000c7c80000)
 Metaspace       used 13911K, capacity 14558K, committed 14848K, reserved 1062912K
  class space    used 2059K, capacity 2218K, committed 2304K, reserved 1048576K
GC Heap History (10 events):
Event: 10.440 GC heap before
{Heap before GC invocations=21 (full 6):
 PSYoungGen      total 260608K, used 232448K [0x00000000eab00000, 0x00000000fc600000, 0x0000000100000000)
  eden space 232448K, 100% used [0x00000000eab00000,0x00000000f8e00000,0x00000000f8e00000)
  from space 28160K, 0% used [0x00000000faa80000,0x00000000faa80000,0x00000000fc600000)
  to   space 28672K, 0% used [0x00000000f8e00000,0x00000000f8e00000,0x00000000faa00000)
 ParOldGen       total 127488K, used 72387K [0x00000000c0000000, 0x00000000c7c80000, 0x00000000eab00000)
  object space 127488K, 56% used [0x00000000c0000000,0x00000000c46b0d50,0x00000000c7c80000)
 Metaspace       used 13858K, capacity 14486K, committed 14592K, reserved 1060864K
  class space    used 2056K, capacity 2218K, committed 2304K, reserved 1048576K
Event: 10.443 GC heap after
Heap after GC invocations=21 (full 6):
 PSYoungGen      total 261120K, used 128K [0x00000000eab00000, 0x00000000ff400000, 0x0000000100000000)
  eden space 232448K, 0% used [0x00000000eab00000,0x00000000eab00000,0x00000000f8e00000)
  from space 28672K, 0% used [0x00000000f8e00000,0x00000000f8e20000,0x00000000faa00000)
  to   space 28672K, 0% used [0x00000000fd800000,0x00000000fd800000,0x00000000ff400000)
 ParOldGen       total 127488K, used 72387K [0x00000000c0000000, 0x00000000c7c80000, 0x00000000eab00000)
  object space 127488K, 56% used [0x00000000c0000000,0x00000000c46b0d50,0x00000000c7c80000)
 Metaspace       used 13858K, capacity 14486K, committed 14592K, reserved 1060864K
  class space    used 2056K, capacity 2218K, committed 2304K, reserved 1048576K
}
Event: 11.341 GC heap before
{Heap before GC invocations=22 (full 6):
 PSYoungGen      total 261120K, used 232576K [0x00000000eab00000, 0x00000000ff400000, 0x0000000100000000)
  eden space 232448K, 100% used [0x00000000eab00000,0x00000000f8e00000,0x00000000f8e00000)
  from space 28672K, 0% used [0x00000000f8e00000,0x00000000f8e20000,0x00000000faa00000)
  to   space 28672K, 0% used [0x00000000fd800000,0x00000000fd800000,0x00000000ff400000)
 ParOldGen       total 127488K, used 72387K [0x00000000c0000000, 0x00000000c7c80000, 0x00000000eab00000)
  object space 127488K, 56% used [0x00000000c0000000,0x00000000c46b0d50,0x00000000c7c80000)
 Metaspace       used 13869K, capacity 14486K, committed 14592K, reserved 1060864K
  class space    used 2056K, capacity 2218K, committed 2304K, reserved 1048576K
Event: 11.342 GC heap after
Heap after GC invocations=22 (full 6):
 PSYoungGen      total 290816K, used 96K [0x00000000eab00000, 0x00000000feb00000, 0x0000000100000000)
  eden space 271360K, 0% used [0x00000000eab00000,0x00000000eab00000,0x00000000fb400000)
  from space 19456K, 0% used [0x00000000fd800000,0x00000000fd818000,0x00000000feb00000)
  to   space 28160K, 0% used [0x00000000fb400000,0x00000000fb400000,0x00000000fcf80000)
 ParOldGen       total 127488K, used 72387K [0x00000000c0000000, 0x00000000c7c80000, 0x00000000eab00000)
  object space 127488K, 56% used [0x00000000c0000000,0x00000000c46b0d50,0x00000000c7c80000)
 Metaspace       used 13869K, capacity 14486K, committed 14592K, reserved 1060864K
  class space    used 2056K, capacity 2218K, committed 2304K, reserved 1048576K
}
Event: 12.197 GC heap before
{Heap before GC invocations=23 (full 6):
 PSYoungGen      total 290816K, used 271456K [0x00000000eab00000, 0x00000000feb00000, 0x0000000100000000)
  eden space 271360K, 100% used [0x00000000eab00000,0x00000000fb400000,0x00000000fb400000)
  from space 19456K, 0% used [0x00000000fd800000,0x00000000fd818000,0x00000000feb00000)
  to   space 28160K, 0% used [0x00000000fb400000,0x00000000fb400000,0x00000000fcf80000)
 ParOldGen       total 127488K, used 72387K [0x00000000c0000000, 0x00000000c7c80000, 0x00000000eab00000)
  object space 127488K, 56% used [0x00000000c0000000,0x00000000c46b0d50,0x00000000c7c80000)
 Metaspace       used 13884K, capacity 14486K, committed 14592K, reserved 1060864K
  class space    used 2056K, capacity 2218K, committed 2304K, reserved 1048576K
Event: 12.198 GC heap after
Heap after GC invocations=23 (full 6):
 PSYoungGen      total 299520K, used 160K [0x00000000eab00000, 0x0000000100000000, 0x0000000100000000)
  eden space 271360K, 0% used [0x00000000eab00000,0x00000000eab00000,0x00000000fb400000)
  from space 28160K, 0% used [0x00000000fb400000,0x00000000fb428000,0x00000000fcf80000)
  to   space 27648K, 0% used [0x00000000fe500000,0x00000000fe500000,0x0000000100000000)
 ParOldGen       total 127488K, used 72387K [0x00000000c0000000, 0x00000000c7c80000, 0x00000000eab00000)
  object space 127488K, 56% used [0x00000000c0000000,0x00000000c46b0d50,0x00000000c7c80000)
 Metaspace       used 13884K, capacity 14486K, committed 14592K, reserved 1060864K
  class space    used 2056K, capacity 2218K, committed 2304K, reserved 1048576K
}
Event: 12.879 GC heap before
{Heap before GC invocations=24 (full 6):
 PSYoungGen      total 299520K, used 271520K [0x00000000eab00000, 0x0000000100000000, 0x0000000100000000)
  eden space 271360K, 100% used [0x00000000eab00000,0x00000000fb400000,0x00000000fb400000)
  from space 28160K, 0% used [0x00000000fb400000,0x00000000fb428000,0x00000000fcf80000)
  to   space 27648K, 0% used [0x00000000fe500000,0x00000000fe500000,0x0000000100000000)
 ParOldGen       total 127488K, used 72387K [0x00000000c0000000, 0x00000000c7c80000, 0x00000000eab00000)
  object space 127488K, 56% used [0x00000000c0000000,0x00000000c46b0d50,0x00000000c7c80000)
 Metaspace       used 13886K, capacity 14486K, committed 14592K, reserved 1060864K
  class space    used 2056K, capacity 2218K, committed 2304K, reserved 1048576K
Event: 12.880 GC heap after
Heap after GC invocations=24 (full 6):
 PSYoungGen      total 318464K, used 128K [0x00000000eab00000, 0x00000000ffd80000, 0x0000000100000000)
  eden space 293376K, 0% used [0x00000000eab00000,0x00000000eab00000,0x00000000fc980000)
  from space 25088K, 0% used [0x00000000fe500000,0x00000000fe520000,0x00000000ffd80000)
  to   space 26624K, 0% used [0x00000000fc980000,0x00000000fc980000,0x00000000fe380000)
 ParOldGen       total 127488K, used 72387K [0x00000000c0000000, 0x00000000c7c80000, 0x00000000eab00000)
  object space 127488K, 56% used [0x00000000c0000000,0x00000000c46b0d50,0x00000000c7c80000)
 Metaspace       used 13886K, capacity 14486K, committed 14592K, reserved 1060864K
  class space    used 2056K, capacity 2218K, committed 2304K, reserved 1048576K
}
Event: 13.670 GC heap before
{Heap before GC invocations=25 (full 6):
 PSYoungGen      total 318464K, used 293504K [0x00000000eab00000, 0x00000000ffd80000, 0x0000000100000000)
  eden space 293376K, 100% used [0x00000000eab00000,0x00000000fc980000,0x00000000fc980000)
  from space 25088K, 0% used [0x00000000fe500000,0x00000000fe520000,0x00000000ffd80000)
  to   space 26624K, 0% used [0x00000000fc980000,0x00000000fc980000,0x00000000fe380000)
 ParOldGen       total 127488K, used 72387K [0x00000000c0000000, 0x00000000c7c80000, 0x00000000eab00000)
  object space 127488K, 56% used [0x00000000c0000000,0x00000000c46b0d50,0x00000000c7c80000)
 Metaspace       used 13894K, capacity 14494K, committed 14592K, reserved 1060864K
  class space    used 2056K, capacity 2218K, committed 2304K, reserved 1048576K
Event: 13.671 GC heap after
Heap after GC invocations=25 (full 6):
 PSYoungGen      total 320000K, used 128K [0x00000000eab00000, 0x0000000100000000, 0x0000000100000000)
  eden space 293376K, 0% used [0x00000000eab00000,0x00000000eab00000,0x00000000fc980000)
  from space 26624K, 0% used [0x00000000fc980000,0x00000000fc9a0000,0x00000000fe380000)
  to   space 26112K, 0% used [0x00000000fe680000,0x00000000fe680000,0x0000000100000000)
 ParOldGen       total 127488K, used 72387K [0x00000000c0000000, 0x00000000c7c80000, 0x00000000eab00000)
  object space 127488K, 56% used [0x00000000c0000000,0x00000000c46b0d50,0x00000000c7c80000)
 Metaspace       used 13894K, capacity 14494K, committed 14592K, reserved 1060864K
  class space    used 2056K, capacity 2218K, committed 2304K, reserved 1048576K
}

